2022-07-05 17:54:39,567 - Initializing Velocity, Calling init()...
2022-07-05 17:54:39,567 - Starting Apache Velocity v1.7 (compiled: 2010-11-19 12:14:37)
2022-07-05 17:54:39,567 - Default Properties File: org\apache\velocity\runtime\defaults\velocity.properties
2022-07-05 17:54:39,567 - Trying to use logger class org.apache.velocity.runtime.log.AvalonLogChute
2022-07-05 17:54:39,567 - Target log system for org.apache.velocity.runtime.log.AvalonLogChute is not available (java.lang.NoClassDefFoundError: org/apache/log/format/Formatter).  Falling back to next log system...
2022-07-05 17:54:39,567 - Trying to use logger class org.apache.velocity.runtime.log.Log4JLogChute
2022-07-05 17:54:39,567 - Using logger class org.apache.velocity.runtime.log.Log4JLogChute
2022-07-05 17:54:39,569 - ResourceLoader instantiated: org.apache.velocity.runtime.resource.loader.ClasspathResourceLoader
2022-07-05 17:54:39,576 - ResourceCache: initialized (class org.apache.velocity.runtime.resource.ResourceCacheImpl) with class java.util.Collections$SynchronizedMap cache map.
2022-07-05 17:54:39,578 - Loaded System Directive: org.apache.velocity.runtime.directive.Stop
2022-07-05 17:54:39,578 - Loaded System Directive: org.apache.velocity.runtime.directive.Define
2022-07-05 17:54:39,579 - Loaded System Directive: org.apache.velocity.runtime.directive.Break
2022-07-05 17:54:39,579 - Loaded System Directive: org.apache.velocity.runtime.directive.Evaluate
2022-07-05 17:54:39,579 - Loaded System Directive: org.apache.velocity.runtime.directive.Literal
2022-07-05 17:54:39,580 - Loaded System Directive: org.apache.velocity.runtime.directive.Macro
2022-07-05 17:54:39,581 - Loaded System Directive: org.apache.velocity.runtime.directive.Parse
2022-07-05 17:54:39,582 - Loaded System Directive: org.apache.velocity.runtime.directive.Include
2022-07-05 17:54:39,583 - Loaded System Directive: org.apache.velocity.runtime.directive.Foreach
2022-07-05 17:54:39,601 - Created '20' parsers.
2022-07-05 17:54:39,604 - Velocimacro : "velocimacro.library" is not set.  Trying default library: VM_global_library.vm
2022-07-05 17:54:39,605 - Could not load resource 'VM_global_library.vm' from ResourceLoader org.apache.velocity.runtime.resource.loader.ClasspathResourceLoader: ClasspathResourceLoader Error: cannot find resource VM_global_library.vm
2022-07-05 17:54:39,605 - Velocimacro : Default library not found.
2022-07-05 17:54:39,605 - Velocimacro : allowInline = true : VMs can be defined inline in templates
2022-07-05 17:54:39,605 - Velocimacro : allowInlineToOverride = false : VMs defined inline may NOT replace previous VM definitions
2022-07-05 17:54:39,605 - Velocimacro : allowInlineLocal = false : VMs defined inline will be global in scope if allowed.
2022-07-05 17:54:39,605 - Velocimacro : autoload off : VM system will not automatically reload global library macros
2022-07-05 17:54:39,676 - ResourceManager : found templates/generators/errorpage.vm with loader org.apache.velocity.runtime.resource.loader.ClasspathResourceLoader
2022-07-05 17:54:39,679 - ResourceManager : found /templates/headers.vm with loader org.apache.velocity.runtime.resource.loader.ClasspathResourceLoader
2022-07-05 17:54:39,680 - ResourceManager : found /templates/head.vm with loader org.apache.velocity.runtime.resource.loader.ClasspathResourceLoader
2022-07-05 17:54:39,681 - Velocimacro : added VM stringArray: source=/templates/macros/array.js.vm
2022-07-05 17:54:39,681 - Velocimacro : added VM numberArray: source=/templates/macros/array.js.vm
2022-07-05 17:54:39,681 - ResourceManager : found /templates/macros/array.js.vm with loader org.apache.velocity.runtime.resource.loader.ClasspathResourceLoader
2022-07-05 17:54:39,683 - Velocimacro : added VM includeBuildInfo: source=/templates/macros/page/buildinfo.vm
2022-07-05 17:54:39,683 - ResourceManager : found /templates/macros/page/buildinfo.vm with loader org.apache.velocity.runtime.resource.loader.ClasspathResourceLoader
2022-07-05 17:54:39,685 - Velocimacro : added VM includeClassifications: source=/templates/macros/page/classifications.vm
2022-07-05 17:54:39,685 - ResourceManager : found /templates/macros/page/classifications.vm with loader org.apache.velocity.runtime.resource.loader.ClasspathResourceLoader
2022-07-05 17:54:39,686 - Velocimacro : added VM includeLead: source=/templates/macros/page/lead.vm
2022-07-05 17:54:39,686 - ResourceManager : found /templates/macros/page/lead.vm with loader org.apache.velocity.runtime.resource.loader.ClasspathResourceLoader
2022-07-05 17:54:39,688 - Velocimacro : added VM includeNavigation: source=/templates/macros/page/navigation.vm
2022-07-05 17:54:39,688 - ResourceManager : found /templates/macros/page/navigation.vm with loader org.apache.velocity.runtime.resource.loader.ClasspathResourceLoader
2022-07-05 17:54:39,689 - Velocimacro : added VM includeReportInfo: source=/templates/macros/page/reportInfo.vm
2022-07-05 17:54:39,689 - ResourceManager : found /templates/macros/page/reportInfo.vm with loader org.apache.velocity.runtime.resource.loader.ClasspathResourceLoader
2022-07-05 17:54:39,690 - Velocimacro : added VM includeTitle: source=/templates/macros/page/title.vm
2022-07-05 17:54:39,690 - ResourceManager : found /templates/macros/page/title.vm with loader org.apache.velocity.runtime.resource.loader.ClasspathResourceLoader
2022-07-05 17:54:39,690 - Velocimacro : added VM includeExpandingButtons: source=/templates/macros/report/expandAllButtons.vm
2022-07-05 17:54:39,690 - ResourceManager : found /templates/macros/report/expandAllButtons.vm with loader org.apache.velocity.runtime.resource.loader.ClasspathResourceLoader
2022-07-05 17:54:39,693 - Velocimacro : added VM includeReportTable: source=/templates/macros/report/reportTable.vm
2022-07-05 17:54:39,693 - ResourceManager : found /templates/macros/report/reportTable.vm with loader org.apache.velocity.runtime.resource.loader.ClasspathResourceLoader
2022-07-05 17:54:39,694 - Velocimacro : added VM includeReportHeader: source=/templates/macros/report/reportHeader.vm
2022-07-05 17:54:39,694 - ResourceManager : found /templates/macros/report/reportHeader.vm with loader org.apache.velocity.runtime.resource.loader.ClasspathResourceLoader
2022-07-05 17:54:39,698 - Velocimacro : added VM includeStatsTable: source=/templates/macros/report/statsTable.vm
2022-07-05 17:54:39,698 - ResourceManager : found /templates/macros/report/statsTable.vm with loader org.apache.velocity.runtime.resource.loader.ClasspathResourceLoader
2022-07-05 17:54:39,698 - Velocimacro : added VM includeBrief: source=/templates/macros/json/brief.vm
2022-07-05 17:54:39,698 - ResourceManager : found /templates/macros/json/brief.vm with loader org.apache.velocity.runtime.resource.loader.ClasspathResourceLoader
2022-07-05 17:54:39,699 - Velocimacro : added VM includeDocString: source=/templates/macros/json/docstring.vm
2022-07-05 17:54:39,699 - ResourceManager : found /templates/macros/json/docstring.vm with loader org.apache.velocity.runtime.resource.loader.ClasspathResourceLoader
2022-07-05 17:54:39,700 - Velocimacro : added VM includeDuration: source=/templates/macros/json/duration.vm
2022-07-05 17:54:39,700 - ResourceManager : found /templates/macros/json/duration.vm with loader org.apache.velocity.runtime.resource.loader.ClasspathResourceLoader
2022-07-05 17:54:39,702 - Velocimacro : added VM includeElement: source=/templates/macros/json/element.vm
2022-07-05 17:54:39,702 - ResourceManager : found /templates/macros/json/element.vm with loader org.apache.velocity.runtime.resource.loader.ClasspathResourceLoader
2022-07-05 17:54:39,707 - Velocimacro : added VM includeEmbeddings: source=/templates/macros/json/embeddings.vm
2022-07-05 17:54:39,707 - Velocimacro : added VM includeHtmlEmbedding: source=/templates/macros/json/embeddings.vm
2022-07-05 17:54:39,708 - Velocimacro : added VM includeVideoEmbedding: source=/templates/macros/json/embeddings.vm
2022-07-05 17:54:39,708 - Velocimacro : added VM includeImageEmbedding: source=/templates/macros/json/embeddings.vm
2022-07-05 17:54:39,708 - Velocimacro : added VM includeImageReferenceEmbedding: source=/templates/macros/json/embeddings.vm
2022-07-05 17:54:39,708 - Velocimacro : added VM includeTextEmbedding: source=/templates/macros/json/embeddings.vm
2022-07-05 17:54:39,708 - Velocimacro : added VM includeUnknownEmbedding: source=/templates/macros/json/embeddings.vm
2022-07-05 17:54:39,708 - ResourceManager : found /templates/macros/json/embeddings.vm with loader org.apache.velocity.runtime.resource.loader.ClasspathResourceLoader
2022-07-05 17:54:39,709 - Velocimacro : added VM includeHooks: source=/templates/macros/json/hooks.vm
2022-07-05 17:54:39,710 - ResourceManager : found /templates/macros/json/hooks.vm with loader org.apache.velocity.runtime.resource.loader.ClasspathResourceLoader
2022-07-05 17:54:39,711 - Velocimacro : added VM includeOutput: source=/templates/macros/json/output.vm
2022-07-05 17:54:39,711 - ResourceManager : found /templates/macros/json/output.vm with loader org.apache.velocity.runtime.resource.loader.ClasspathResourceLoader
2022-07-05 17:54:39,711 - Velocimacro : added VM includeMessage: source=/templates/macros/json/message.vm
2022-07-05 17:54:39,711 - ResourceManager : found /templates/macros/json/message.vm with loader org.apache.velocity.runtime.resource.loader.ClasspathResourceLoader
2022-07-05 17:54:39,713 - Velocimacro : added VM includeSteps: source=/templates/macros/json/steps.vm
2022-07-05 17:54:39,713 - ResourceManager : found /templates/macros/json/steps.vm with loader org.apache.velocity.runtime.resource.loader.ClasspathResourceLoader
2022-07-05 17:54:39,714 - Velocimacro : added VM includeStepName: source=/templates/macros/json/stepName.vm
2022-07-05 17:54:39,714 - ResourceManager : found /templates/macros/json/stepName.vm with loader org.apache.velocity.runtime.resource.loader.ClasspathResourceLoader
2022-07-05 17:54:39,715 - Velocimacro : added VM includeTags: source=/templates/macros/json/tags.vm
2022-07-05 17:54:39,716 - ResourceManager : found /templates/macros/json/tags.vm with loader org.apache.velocity.runtime.resource.loader.ClasspathResourceLoader
2022-07-05 17:54:39,723 - VM #includeNavigation: too few arguments to macro. Wanted 1 got 0
2022-07-05 17:54:39,724 - Left side ($active_tab) of '==' operation has null value. If it is a reference, it may not be in the context or its toString() returned null. /templates/macros/page/navigation.vm[line 14, column 51]
2022-07-05 17:54:39,724 - Left side ($active_tab) of '==' operation has null value. If it is a reference, it may not be in the context or its toString() returned null. /templates/macros/page/navigation.vm[line 15, column 51]
2022-07-05 17:54:39,724 - Left side ($active_tab) of '==' operation has null value. If it is a reference, it may not be in the context or its toString() returned null. /templates/macros/page/navigation.vm[line 16, column 51]
2022-07-05 17:54:39,724 - Left side ($active_tab) of '==' operation has null value. If it is a reference, it may not be in the context or its toString() returned null. /templates/macros/page/navigation.vm[line 20, column 51]
2022-07-05 17:54:39,740 - ResourceManager : found /templates/footer.vm with loader org.apache.velocity.runtime.resource.loader.ClasspathResourceLoader
2022-07-05 17:55:15,989 - Log4JLogChute initialized using file 'target\velocity.log'
2022-07-05 17:55:15,990 - Initializing Velocity, Calling init()...
2022-07-05 17:55:15,990 - Starting Apache Velocity v1.7 (compiled: 2010-11-19 12:14:37)
2022-07-05 17:55:15,990 - Default Properties File: org\apache\velocity\runtime\defaults\velocity.properties
2022-07-05 17:55:15,990 - Trying to use logger class org.apache.velocity.runtime.log.AvalonLogChute
2022-07-05 17:55:15,990 - Target log system for org.apache.velocity.runtime.log.AvalonLogChute is not available (java.lang.NoClassDefFoundError: org/apache/log/format/Formatter).  Falling back to next log system...
2022-07-05 17:55:15,990 - Trying to use logger class org.apache.velocity.runtime.log.Log4JLogChute
2022-07-05 17:55:15,990 - Using logger class org.apache.velocity.runtime.log.Log4JLogChute
2022-07-05 17:55:15,991 - ResourceLoader instantiated: org.apache.velocity.runtime.resource.loader.ClasspathResourceLoader
2022-07-05 17:55:15,999 - ResourceCache: initialized (class org.apache.velocity.runtime.resource.ResourceCacheImpl) with class java.util.Collections$SynchronizedMap cache map.
2022-07-05 17:55:16,000 - Loaded System Directive: org.apache.velocity.runtime.directive.Stop
2022-07-05 17:55:16,001 - Loaded System Directive: org.apache.velocity.runtime.directive.Define
2022-07-05 17:55:16,001 - Loaded System Directive: org.apache.velocity.runtime.directive.Break
2022-07-05 17:55:16,002 - Loaded System Directive: org.apache.velocity.runtime.directive.Evaluate
2022-07-05 17:55:16,002 - Loaded System Directive: org.apache.velocity.runtime.directive.Literal
2022-07-05 17:55:16,003 - Loaded System Directive: org.apache.velocity.runtime.directive.Macro
2022-07-05 17:55:16,003 - Loaded System Directive: org.apache.velocity.runtime.directive.Parse
2022-07-05 17:55:16,004 - Loaded System Directive: org.apache.velocity.runtime.directive.Include
2022-07-05 17:55:16,005 - Loaded System Directive: org.apache.velocity.runtime.directive.Foreach
2022-07-05 17:55:16,023 - Created '20' parsers.
2022-07-05 17:55:16,027 - Velocimacro : "velocimacro.library" is not set.  Trying default library: VM_global_library.vm
2022-07-05 17:55:16,027 - Could not load resource 'VM_global_library.vm' from ResourceLoader org.apache.velocity.runtime.resource.loader.ClasspathResourceLoader: ClasspathResourceLoader Error: cannot find resource VM_global_library.vm
2022-07-05 17:55:16,028 - Velocimacro : Default library not found.
2022-07-05 17:55:16,028 - Velocimacro : allowInline = true : VMs can be defined inline in templates
2022-07-05 17:55:16,028 - Velocimacro : allowInlineToOverride = false : VMs defined inline may NOT replace previous VM definitions
2022-07-05 17:55:16,028 - Velocimacro : allowInlineLocal = false : VMs defined inline will be global in scope if allowed.
2022-07-05 17:55:16,028 - Velocimacro : autoload off : VM system will not automatically reload global library macros
2022-07-05 17:55:16,098 - ResourceManager : found templates/generators/errorpage.vm with loader org.apache.velocity.runtime.resource.loader.ClasspathResourceLoader
2022-07-05 17:55:16,102 - ResourceManager : found /templates/headers.vm with loader org.apache.velocity.runtime.resource.loader.ClasspathResourceLoader
2022-07-05 17:55:16,102 - ResourceManager : found /templates/head.vm with loader org.apache.velocity.runtime.resource.loader.ClasspathResourceLoader
2022-07-05 17:55:16,104 - Velocimacro : added VM stringArray: source=/templates/macros/array.js.vm
2022-07-05 17:55:16,104 - Velocimacro : added VM numberArray: source=/templates/macros/array.js.vm
2022-07-05 17:55:16,104 - ResourceManager : found /templates/macros/array.js.vm with loader org.apache.velocity.runtime.resource.loader.ClasspathResourceLoader
2022-07-05 17:55:16,106 - Velocimacro : added VM includeBuildInfo: source=/templates/macros/page/buildinfo.vm
2022-07-05 17:55:16,106 - ResourceManager : found /templates/macros/page/buildinfo.vm with loader org.apache.velocity.runtime.resource.loader.ClasspathResourceLoader
2022-07-05 17:55:16,109 - Velocimacro : added VM includeClassifications: source=/templates/macros/page/classifications.vm
2022-07-05 17:55:16,109 - ResourceManager : found /templates/macros/page/classifications.vm with loader org.apache.velocity.runtime.resource.loader.ClasspathResourceLoader
2022-07-05 17:55:16,109 - Velocimacro : added VM includeLead: source=/templates/macros/page/lead.vm
2022-07-05 17:55:16,109 - ResourceManager : found /templates/macros/page/lead.vm with loader org.apache.velocity.runtime.resource.loader.ClasspathResourceLoader
2022-07-05 17:55:16,111 - Velocimacro : added VM includeNavigation: source=/templates/macros/page/navigation.vm
2022-07-05 17:55:16,111 - ResourceManager : found /templates/macros/page/navigation.vm with loader org.apache.velocity.runtime.resource.loader.ClasspathResourceLoader
2022-07-05 17:55:16,112 - Velocimacro : added VM includeReportInfo: source=/templates/macros/page/reportInfo.vm
2022-07-05 17:55:16,112 - ResourceManager : found /templates/macros/page/reportInfo.vm with loader org.apache.velocity.runtime.resource.loader.ClasspathResourceLoader
2022-07-05 17:55:16,113 - Velocimacro : added VM includeTitle: source=/templates/macros/page/title.vm
2022-07-05 17:55:16,113 - ResourceManager : found /templates/macros/page/title.vm with loader org.apache.velocity.runtime.resource.loader.ClasspathResourceLoader
2022-07-05 17:55:16,113 - Velocimacro : added VM includeExpandingButtons: source=/templates/macros/report/expandAllButtons.vm
2022-07-05 17:55:16,113 - ResourceManager : found /templates/macros/report/expandAllButtons.vm with loader org.apache.velocity.runtime.resource.loader.ClasspathResourceLoader
2022-07-05 17:55:16,116 - Velocimacro : added VM includeReportTable: source=/templates/macros/report/reportTable.vm
2022-07-05 17:55:16,117 - ResourceManager : found /templates/macros/report/reportTable.vm with loader org.apache.velocity.runtime.resource.loader.ClasspathResourceLoader
2022-07-05 17:55:16,117 - Velocimacro : added VM includeReportHeader: source=/templates/macros/report/reportHeader.vm
2022-07-05 17:55:16,117 - ResourceManager : found /templates/macros/report/reportHeader.vm with loader org.apache.velocity.runtime.resource.loader.ClasspathResourceLoader
2022-07-05 17:55:16,121 - Velocimacro : added VM includeStatsTable: source=/templates/macros/report/statsTable.vm
2022-07-05 17:55:16,121 - ResourceManager : found /templates/macros/report/statsTable.vm with loader org.apache.velocity.runtime.resource.loader.ClasspathResourceLoader
2022-07-05 17:55:16,122 - Velocimacro : added VM includeBrief: source=/templates/macros/json/brief.vm
2022-07-05 17:55:16,122 - ResourceManager : found /templates/macros/json/brief.vm with loader org.apache.velocity.runtime.resource.loader.ClasspathResourceLoader
2022-07-05 17:55:16,123 - Velocimacro : added VM includeDocString: source=/templates/macros/json/docstring.vm
2022-07-05 17:55:16,123 - ResourceManager : found /templates/macros/json/docstring.vm with loader org.apache.velocity.runtime.resource.loader.ClasspathResourceLoader
2022-07-05 17:55:16,123 - Velocimacro : added VM includeDuration: source=/templates/macros/json/duration.vm
2022-07-05 17:55:16,123 - ResourceManager : found /templates/macros/json/duration.vm with loader org.apache.velocity.runtime.resource.loader.ClasspathResourceLoader
2022-07-05 17:55:16,126 - Velocimacro : added VM includeElement: source=/templates/macros/json/element.vm
2022-07-05 17:55:16,126 - ResourceManager : found /templates/macros/json/element.vm with loader org.apache.velocity.runtime.resource.loader.ClasspathResourceLoader
2022-07-05 17:55:16,131 - Velocimacro : added VM includeEmbeddings: source=/templates/macros/json/embeddings.vm
2022-07-05 17:55:16,131 - Velocimacro : added VM includeHtmlEmbedding: source=/templates/macros/json/embeddings.vm
2022-07-05 17:55:16,131 - Velocimacro : added VM includeVideoEmbedding: source=/templates/macros/json/embeddings.vm
2022-07-05 17:55:16,131 - Velocimacro : added VM includeImageEmbedding: source=/templates/macros/json/embeddings.vm
2022-07-05 17:55:16,131 - Velocimacro : added VM includeImageReferenceEmbedding: source=/templates/macros/json/embeddings.vm
2022-07-05 17:55:16,131 - Velocimacro : added VM includeTextEmbedding: source=/templates/macros/json/embeddings.vm
2022-07-05 17:55:16,131 - Velocimacro : added VM includeUnknownEmbedding: source=/templates/macros/json/embeddings.vm
2022-07-05 17:55:16,131 - ResourceManager : found /templates/macros/json/embeddings.vm with loader org.apache.velocity.runtime.resource.loader.ClasspathResourceLoader
2022-07-05 17:55:16,133 - Velocimacro : added VM includeHooks: source=/templates/macros/json/hooks.vm
2022-07-05 17:55:16,133 - ResourceManager : found /templates/macros/json/hooks.vm with loader org.apache.velocity.runtime.resource.loader.ClasspathResourceLoader
2022-07-05 17:55:16,135 - Velocimacro : added VM includeOutput: source=/templates/macros/json/output.vm
2022-07-05 17:55:16,135 - ResourceManager : found /templates/macros/json/output.vm with loader org.apache.velocity.runtime.resource.loader.ClasspathResourceLoader
2022-07-05 17:55:16,135 - Velocimacro : added VM includeMessage: source=/templates/macros/json/message.vm
2022-07-05 17:55:16,135 - ResourceManager : found /templates/macros/json/message.vm with loader org.apache.velocity.runtime.resource.loader.ClasspathResourceLoader
2022-07-05 17:55:16,137 - Velocimacro : added VM includeSteps: source=/templates/macros/json/steps.vm
2022-07-05 17:55:16,137 - ResourceManager : found /templates/macros/json/steps.vm with loader org.apache.velocity.runtime.resource.loader.ClasspathResourceLoader
2022-07-05 17:55:16,138 - Velocimacro : added VM includeStepName: source=/templates/macros/json/stepName.vm
2022-07-05 17:55:16,138 - ResourceManager : found /templates/macros/json/stepName.vm with loader org.apache.velocity.runtime.resource.loader.ClasspathResourceLoader
2022-07-05 17:55:16,138 - Velocimacro : added VM includeTags: source=/templates/macros/json/tags.vm
2022-07-05 17:55:16,138 - ResourceManager : found /templates/macros/json/tags.vm with loader org.apache.velocity.runtime.resource.loader.ClasspathResourceLoader
2022-07-05 17:55:16,146 - VM #includeNavigation: too few arguments to macro. Wanted 1 got 0
2022-07-05 17:55:16,147 - Left side ($active_tab) of '==' operation has null value. If it is a reference, it may not be in the context or its toString() returned null. /templates/macros/page/navigation.vm[line 14, column 51]
2022-07-05 17:55:16,147 - Left side ($active_tab) of '==' operation has null value. If it is a reference, it may not be in the context or its toString() returned null. /templates/macros/page/navigation.vm[line 15, column 51]
2022-07-05 17:55:16,147 - Left side ($active_tab) of '==' operation has null value. If it is a reference, it may not be in the context or its toString() returned null. /templates/macros/page/navigation.vm[line 16, column 51]
2022-07-05 17:55:16,147 - Left side ($active_tab) of '==' operation has null value. If it is a reference, it may not be in the context or its toString() returned null. /templates/macros/page/navigation.vm[line 20, column 51]
2022-07-05 17:55:16,162 - ResourceManager : found /templates/footer.vm with loader org.apache.velocity.runtime.resource.loader.ClasspathResourceLoader
2022-07-05 17:55:36,212 - Log4JLogChute initialized using file 'target\velocity.log'
2022-07-05 17:55:36,213 - Initializing Velocity, Calling init()...
2022-07-05 17:55:36,213 - Starting Apache Velocity v1.7 (compiled: 2010-11-19 12:14:37)
2022-07-05 17:55:36,213 - Default Properties File: org\apache\velocity\runtime\defaults\velocity.properties
2022-07-05 17:55:36,213 - Trying to use logger class org.apache.velocity.runtime.log.AvalonLogChute
2022-07-05 17:55:36,213 - Target log system for org.apache.velocity.runtime.log.AvalonLogChute is not available (java.lang.NoClassDefFoundError: org/apache/log/format/Formatter).  Falling back to next log system...
2022-07-05 17:55:36,213 - Trying to use logger class org.apache.velocity.runtime.log.Log4JLogChute
2022-07-05 17:55:36,213 - Using logger class org.apache.velocity.runtime.log.Log4JLogChute
2022-07-05 17:55:36,214 - ResourceLoader instantiated: org.apache.velocity.runtime.resource.loader.ClasspathResourceLoader
2022-07-05 17:55:36,222 - ResourceCache: initialized (class org.apache.velocity.runtime.resource.ResourceCacheImpl) with class java.util.Collections$SynchronizedMap cache map.
2022-07-05 17:55:36,224 - Loaded System Directive: org.apache.velocity.runtime.directive.Stop
2022-07-05 17:55:36,225 - Loaded System Directive: org.apache.velocity.runtime.directive.Define
2022-07-05 17:55:36,225 - Loaded System Directive: org.apache.velocity.runtime.directive.Break
2022-07-05 17:55:36,225 - Loaded System Directive: org.apache.velocity.runtime.directive.Evaluate
2022-07-05 17:55:36,226 - Loaded System Directive: org.apache.velocity.runtime.directive.Literal
2022-07-05 17:55:36,226 - Loaded System Directive: org.apache.velocity.runtime.directive.Macro
2022-07-05 17:55:36,227 - Loaded System Directive: org.apache.velocity.runtime.directive.Parse
2022-07-05 17:55:36,228 - Loaded System Directive: org.apache.velocity.runtime.directive.Include
2022-07-05 17:55:36,229 - Loaded System Directive: org.apache.velocity.runtime.directive.Foreach
2022-07-05 17:55:36,249 - Created '20' parsers.
2022-07-05 17:55:36,252 - Velocimacro : "velocimacro.library" is not set.  Trying default library: VM_global_library.vm
2022-07-05 17:55:36,253 - Could not load resource 'VM_global_library.vm' from ResourceLoader org.apache.velocity.runtime.resource.loader.ClasspathResourceLoader: ClasspathResourceLoader Error: cannot find resource VM_global_library.vm
2022-07-05 17:55:36,253 - Velocimacro : Default library not found.
2022-07-05 17:55:36,253 - Velocimacro : allowInline = true : VMs can be defined inline in templates
2022-07-05 17:55:36,253 - Velocimacro : allowInlineToOverride = false : VMs defined inline may NOT replace previous VM definitions
2022-07-05 17:55:36,253 - Velocimacro : allowInlineLocal = false : VMs defined inline will be global in scope if allowed.
2022-07-05 17:55:36,253 - Velocimacro : autoload off : VM system will not automatically reload global library macros
2022-07-05 17:55:36,322 - ResourceManager : found templates/generators/errorpage.vm with loader org.apache.velocity.runtime.resource.loader.ClasspathResourceLoader
2022-07-05 17:55:36,325 - ResourceManager : found /templates/headers.vm with loader org.apache.velocity.runtime.resource.loader.ClasspathResourceLoader
2022-07-05 17:55:36,326 - ResourceManager : found /templates/head.vm with loader org.apache.velocity.runtime.resource.loader.ClasspathResourceLoader
2022-07-05 17:55:36,327 - Velocimacro : added VM stringArray: source=/templates/macros/array.js.vm
2022-07-05 17:55:36,327 - Velocimacro : added VM numberArray: source=/templates/macros/array.js.vm
2022-07-05 17:55:36,327 - ResourceManager : found /templates/macros/array.js.vm with loader org.apache.velocity.runtime.resource.loader.ClasspathResourceLoader
2022-07-05 17:55:36,329 - Velocimacro : added VM includeBuildInfo: source=/templates/macros/page/buildinfo.vm
2022-07-05 17:55:36,329 - ResourceManager : found /templates/macros/page/buildinfo.vm with loader org.apache.velocity.runtime.resource.loader.ClasspathResourceLoader
2022-07-05 17:55:36,331 - Velocimacro : added VM includeClassifications: source=/templates/macros/page/classifications.vm
2022-07-05 17:55:36,331 - ResourceManager : found /templates/macros/page/classifications.vm with loader org.apache.velocity.runtime.resource.loader.ClasspathResourceLoader
2022-07-05 17:55:36,331 - Velocimacro : added VM includeLead: source=/templates/macros/page/lead.vm
2022-07-05 17:55:36,331 - ResourceManager : found /templates/macros/page/lead.vm with loader org.apache.velocity.runtime.resource.loader.ClasspathResourceLoader
2022-07-05 17:55:36,333 - Velocimacro : added VM includeNavigation: source=/templates/macros/page/navigation.vm
2022-07-05 17:55:36,333 - ResourceManager : found /templates/macros/page/navigation.vm with loader org.apache.velocity.runtime.resource.loader.ClasspathResourceLoader
2022-07-05 17:55:36,334 - Velocimacro : added VM includeReportInfo: source=/templates/macros/page/reportInfo.vm
2022-07-05 17:55:36,334 - ResourceManager : found /templates/macros/page/reportInfo.vm with loader org.apache.velocity.runtime.resource.loader.ClasspathResourceLoader
2022-07-05 17:55:36,335 - Velocimacro : added VM includeTitle: source=/templates/macros/page/title.vm
2022-07-05 17:55:36,335 - ResourceManager : found /templates/macros/page/title.vm with loader org.apache.velocity.runtime.resource.loader.ClasspathResourceLoader
2022-07-05 17:55:36,335 - Velocimacro : added VM includeExpandingButtons: source=/templates/macros/report/expandAllButtons.vm
2022-07-05 17:55:36,335 - ResourceManager : found /templates/macros/report/expandAllButtons.vm with loader org.apache.velocity.runtime.resource.loader.ClasspathResourceLoader
2022-07-05 17:55:36,338 - Velocimacro : added VM includeReportTable: source=/templates/macros/report/reportTable.vm
2022-07-05 17:55:36,338 - ResourceManager : found /templates/macros/report/reportTable.vm with loader org.apache.velocity.runtime.resource.loader.ClasspathResourceLoader
2022-07-05 17:55:36,339 - Velocimacro : added VM includeReportHeader: source=/templates/macros/report/reportHeader.vm
2022-07-05 17:55:36,339 - ResourceManager : found /templates/macros/report/reportHeader.vm with loader org.apache.velocity.runtime.resource.loader.ClasspathResourceLoader
2022-07-05 17:55:36,342 - Velocimacro : added VM includeStatsTable: source=/templates/macros/report/statsTable.vm
2022-07-05 17:55:36,342 - ResourceManager : found /templates/macros/report/statsTable.vm with loader org.apache.velocity.runtime.resource.loader.ClasspathResourceLoader
2022-07-05 17:55:36,342 - Velocimacro : added VM includeBrief: source=/templates/macros/json/brief.vm
2022-07-05 17:55:36,342 - ResourceManager : found /templates/macros/json/brief.vm with loader org.apache.velocity.runtime.resource.loader.ClasspathResourceLoader
2022-07-05 17:55:36,343 - Velocimacro : added VM includeDocString: source=/templates/macros/json/docstring.vm
2022-07-05 17:55:36,343 - ResourceManager : found /templates/macros/json/docstring.vm with loader org.apache.velocity.runtime.resource.loader.ClasspathResourceLoader
2022-07-05 17:55:36,343 - Velocimacro : added VM includeDuration: source=/templates/macros/json/duration.vm
2022-07-05 17:55:36,343 - ResourceManager : found /templates/macros/json/duration.vm with loader org.apache.velocity.runtime.resource.loader.ClasspathResourceLoader
2022-07-05 17:55:36,345 - Velocimacro : added VM includeElement: source=/templates/macros/json/element.vm
2022-07-05 17:55:36,345 - ResourceManager : found /templates/macros/json/element.vm with loader org.apache.velocity.runtime.resource.loader.ClasspathResourceLoader
2022-07-05 17:55:36,350 - Velocimacro : added VM includeEmbeddings: source=/templates/macros/json/embeddings.vm
2022-07-05 17:55:36,350 - Velocimacro : added VM includeHtmlEmbedding: source=/templates/macros/json/embeddings.vm
2022-07-05 17:55:36,350 - Velocimacro : added VM includeVideoEmbedding: source=/templates/macros/json/embeddings.vm
2022-07-05 17:55:36,350 - Velocimacro : added VM includeImageEmbedding: source=/templates/macros/json/embeddings.vm
2022-07-05 17:55:36,350 - Velocimacro : added VM includeImageReferenceEmbedding: source=/templates/macros/json/embeddings.vm
2022-07-05 17:55:36,350 - Velocimacro : added VM includeTextEmbedding: source=/templates/macros/json/embeddings.vm
2022-07-05 17:55:36,350 - Velocimacro : added VM includeUnknownEmbedding: source=/templates/macros/json/embeddings.vm
2022-07-05 17:55:36,350 - ResourceManager : found /templates/macros/json/embeddings.vm with loader org.apache.velocity.runtime.resource.loader.ClasspathResourceLoader
2022-07-05 17:55:36,352 - Velocimacro : added VM includeHooks: source=/templates/macros/json/hooks.vm
2022-07-05 17:55:36,352 - ResourceManager : found /templates/macros/json/hooks.vm with loader org.apache.velocity.runtime.resource.loader.ClasspathResourceLoader
2022-07-05 17:55:36,353 - Velocimacro : added VM includeOutput: source=/templates/macros/json/output.vm
2022-07-05 17:55:36,353 - ResourceManager : found /templates/macros/json/output.vm with loader org.apache.velocity.runtime.resource.loader.ClasspathResourceLoader
2022-07-05 17:55:36,354 - Velocimacro : added VM includeMessage: source=/templates/macros/json/message.vm
2022-07-05 17:55:36,354 - ResourceManager : found /templates/macros/json/message.vm with loader org.apache.velocity.runtime.resource.loader.ClasspathResourceLoader
2022-07-05 17:55:36,356 - Velocimacro : added VM includeSteps: source=/templates/macros/json/steps.vm
2022-07-05 17:55:36,356 - ResourceManager : found /templates/macros/json/steps.vm with loader org.apache.velocity.runtime.resource.loader.ClasspathResourceLoader
2022-07-05 17:55:36,357 - Velocimacro : added VM includeStepName: source=/templates/macros/json/stepName.vm
2022-07-05 17:55:36,357 - ResourceManager : found /templates/macros/json/stepName.vm with loader org.apache.velocity.runtime.resource.loader.ClasspathResourceLoader
2022-07-05 17:55:36,357 - Velocimacro : added VM includeTags: source=/templates/macros/json/tags.vm
2022-07-05 17:55:36,357 - ResourceManager : found /templates/macros/json/tags.vm with loader org.apache.velocity.runtime.resource.loader.ClasspathResourceLoader
2022-07-05 17:55:36,364 - VM #includeNavigation: too few arguments to macro. Wanted 1 got 0
2022-07-05 17:55:36,365 - Left side ($active_tab) of '==' operation has null value. If it is a reference, it may not be in the context or its toString() returned null. /templates/macros/page/navigation.vm[line 14, column 51]
2022-07-05 17:55:36,365 - Left side ($active_tab) of '==' operation has null value. If it is a reference, it may not be in the context or its toString() returned null. /templates/macros/page/navigation.vm[line 15, column 51]
2022-07-05 17:55:36,365 - Left side ($active_tab) of '==' operation has null value. If it is a reference, it may not be in the context or its toString() returned null. /templates/macros/page/navigation.vm[line 16, column 51]
2022-07-05 17:55:36,365 - Left side ($active_tab) of '==' operation has null value. If it is a reference, it may not be in the context or its toString() returned null. /templates/macros/page/navigation.vm[line 20, column 51]
2022-07-05 17:55:36,380 - ResourceManager : found /templates/footer.vm with loader org.apache.velocity.runtime.resource.loader.ClasspathResourceLoader
